<?xml version="1.0" encoding="UTF-8"?>
<testsuite name="hello.login.message.MessageSourceTest" tests="6" skipped="0" failures="0" errors="0" timestamp="2023-06-02T08:49:34" hostname="YoonbeomSo-MacBookPro13.local" time="0.384">
  <properties/>
  <testcase name="notFoundMessageCodeDefaultMessage()" classname="hello.login.message.MessageSourceTest" time="0.366"/>
  <testcase name="enLang()" classname="hello.login.message.MessageSourceTest" time="0.003"/>
  <testcase name="notFoundMessageCode()" classname="hello.login.message.MessageSourceTest" time="0.004"/>
  <testcase name="defaultLang()" classname="hello.login.message.MessageSourceTest" time="0.002"/>
  <testcase name="helloMessage()" classname="hello.login.message.MessageSourceTest" time="0.003"/>
  <testcase name="argumentMessage()" classname="hello.login.message.MessageSourceTest" time="0.003"/>
  <system-out><![CDATA[17:49:33.293 [Test worker] DEBUG org.springframework.test.context.BootstrapUtils - Instantiating CacheAwareContextLoaderDelegate from class [org.springframework.test.context.cache.DefaultCacheAwareContextLoaderDelegate]
17:49:33.304 [Test worker] DEBUG org.springframework.test.context.BootstrapUtils - Instantiating BootstrapContext using constructor [public org.springframework.test.context.support.DefaultBootstrapContext(java.lang.Class,org.springframework.test.context.CacheAwareContextLoaderDelegate)]
17:49:33.330 [Test worker] DEBUG org.springframework.test.context.BootstrapUtils - Instantiating TestContextBootstrapper for test class [hello.login.message.MessageSourceTest] from class [org.springframework.boot.test.context.SpringBootTestContextBootstrapper]
17:49:33.339 [Test worker] INFO org.springframework.boot.test.context.SpringBootTestContextBootstrapper - Neither @ContextConfiguration nor @ContextHierarchy found for test class [hello.login.message.MessageSourceTest], using SpringBootContextLoader
17:49:33.341 [Test worker] DEBUG org.springframework.test.context.support.AbstractContextLoader - Did not detect default resource location for test class [hello.login.message.MessageSourceTest]: class path resource [hello/login/message/MessageSourceTest-context.xml] does not exist
17:49:33.341 [Test worker] DEBUG org.springframework.test.context.support.AbstractContextLoader - Did not detect default resource location for test class [hello.login.message.MessageSourceTest]: class path resource [hello/login/message/MessageSourceTestContext.groovy] does not exist
17:49:33.341 [Test worker] INFO org.springframework.test.context.support.AbstractContextLoader - Could not detect default resource locations for test class [hello.login.message.MessageSourceTest]: no resource found for suffixes {-context.xml, Context.groovy}.
17:49:33.342 [Test worker] INFO org.springframework.test.context.support.AnnotationConfigContextLoaderUtils - Could not detect default configuration classes for test class [hello.login.message.MessageSourceTest]: MessageSourceTest does not declare any static, non-private, non-final, nested classes annotated with @Configuration.
17:49:33.375 [Test worker] DEBUG org.springframework.test.context.support.ActiveProfilesUtils - Could not find an 'annotation declaring class' for annotation type [org.springframework.test.context.ActiveProfiles] and class [hello.login.message.MessageSourceTest]
17:49:33.414 [Test worker] DEBUG org.springframework.context.annotation.ClassPathScanningCandidateComponentProvider - Identified candidate component class: file [/Users/soyoonbeom/Spring_infearn/springmvc2/login/build/classes/java/main/hello/login/ItemServiceApplication.class]
17:49:33.416 [Test worker] INFO org.springframework.boot.test.context.SpringBootTestContextBootstrapper - Found @SpringBootConfiguration hello.login.ItemServiceApplication for test class hello.login.message.MessageSourceTest
17:49:33.485 [Test worker] DEBUG org.springframework.boot.test.context.SpringBootTestContextBootstrapper - @TestExecutionListeners is not present for class [hello.login.message.MessageSourceTest]: using defaults.
17:49:33.485 [Test worker] INFO org.springframework.boot.test.context.SpringBootTestContextBootstrapper - Loaded default TestExecutionListener class names from location [META-INF/spring.factories]: [org.springframework.boot.test.autoconfigure.restdocs.RestDocsTestExecutionListener, org.springframework.boot.test.autoconfigure.web.client.MockRestServiceServerResetTestExecutionListener, org.springframework.boot.test.autoconfigure.web.servlet.MockMvcPrintOnlyOnFailureTestExecutionListener, org.springframework.boot.test.autoconfigure.web.servlet.WebDriverTestExecutionListener, org.springframework.boot.test.autoconfigure.webservices.client.MockWebServiceServerTestExecutionListener, org.springframework.boot.test.mock.mockito.MockitoTestExecutionListener, org.springframework.boot.test.mock.mockito.ResetMocksTestExecutionListener, org.springframework.test.context.web.ServletTestExecutionListener, org.springframework.test.context.support.DirtiesContextBeforeModesTestExecutionListener, org.springframework.test.context.event.ApplicationEventsTestExecutionListener, org.springframework.test.context.support.DependencyInjectionTestExecutionListener, org.springframework.test.context.support.DirtiesContextTestExecutionListener, org.springframework.test.context.transaction.TransactionalTestExecutionListener, org.springframework.test.context.jdbc.SqlScriptsTestExecutionListener, org.springframework.test.context.event.EventPublishingTestExecutionListener]
17:49:33.494 [Test worker] DEBUG org.springframework.boot.test.context.SpringBootTestContextBootstrapper - Skipping candidate TestExecutionListener [org.springframework.test.context.transaction.TransactionalTestExecutionListener] due to a missing dependency. Specify custom listener classes or make the default listener classes and their required dependencies available. Offending class: [org/springframework/transaction/interceptor/TransactionAttributeSource]
17:49:33.495 [Test worker] DEBUG org.springframework.boot.test.context.SpringBootTestContextBootstrapper - Skipping candidate TestExecutionListener [org.springframework.test.context.jdbc.SqlScriptsTestExecutionListener] due to a missing dependency. Specify custom listener classes or make the default listener classes and their required dependencies available. Offending class: [org/springframework/transaction/interceptor/TransactionAttribute]
17:49:33.495 [Test worker] INFO org.springframework.boot.test.context.SpringBootTestContextBootstrapper - Using TestExecutionListeners: [org.springframework.test.context.web.ServletTestExecutionListener@21353fd7, org.springframework.test.context.support.DirtiesContextBeforeModesTestExecutionListener@63b657af, org.springframework.test.context.event.ApplicationEventsTestExecutionListener@24481e45, org.springframework.boot.test.mock.mockito.MockitoTestExecutionListener@fffaf13, org.springframework.boot.test.autoconfigure.SpringBootDependencyInjectionTestExecutionListener@73cf2bc, org.springframework.test.context.support.DirtiesContextTestExecutionListener@5666c6db, org.springframework.test.context.event.EventPublishingTestExecutionListener@32b85064, org.springframework.boot.test.autoconfigure.restdocs.RestDocsTestExecutionListener@404df617, org.springframework.boot.test.autoconfigure.web.client.MockRestServiceServerResetTestExecutionListener@208455b0, org.springframework.boot.test.autoconfigure.web.servlet.MockMvcPrintOnlyOnFailureTestExecutionListener@40340f65, org.springframework.boot.test.autoconfigure.web.servlet.WebDriverTestExecutionListener@307f4c77, org.springframework.boot.test.autoconfigure.webservices.client.MockWebServiceServerTestExecutionListener@1f2df921, org.springframework.boot.test.mock.mockito.ResetMocksTestExecutionListener@1d8616a1]
17:49:33.498 [Test worker] DEBUG org.springframework.test.context.support.AbstractDirtiesContextTestExecutionListener - Before test class: context [DefaultTestContext@48a0d384 testClass = MessageSourceTest, testInstance = [null], testMethod = [null], testException = [null], mergedContextConfiguration = [WebMergedContextConfiguration@20ec6f49 testClass = MessageSourceTest, locations = '{}', classes = '{class hello.login.ItemServiceApplication}', contextInitializerClasses = '[]', activeProfiles = '{}', propertySourceLocations = '{}', propertySourceProperties = '{org.springframework.boot.test.context.SpringBootTestContextBootstrapper=true}', contextCustomizers = set[org.springframework.boot.test.autoconfigure.actuate.metrics.MetricsExportContextCustomizerFactory$DisableMetricExportContextCustomizer@29075724, org.springframework.boot.test.autoconfigure.properties.PropertyMappingContextCustomizer@0, org.springframework.boot.test.autoconfigure.web.servlet.WebDriverContextCustomizerFactory$Customizer@403ed0ea, org.springframework.boot.test.context.filter.ExcludeFilterContextCustomizer@26b0dabd, org.springframework.boot.test.json.DuplicateJsonObjectContextCustomizerFactory$DuplicateJsonObjectContextCustomizer@554ff922, org.springframework.boot.test.mock.mockito.MockitoContextCustomizer@0, org.springframework.boot.test.web.client.TestRestTemplateContextCustomizer@1b4b801, org.springframework.boot.test.context.SpringBootTestArgs@1, org.springframework.boot.test.context.SpringBootTestWebEnvironment@11c74268], resourceBasePath = 'src/main/webapp', contextLoader = 'org.springframework.boot.test.context.SpringBootContextLoader', parent = [null]], attributes = map['org.springframework.test.context.web.ServletTestExecutionListener.activateListener' -> true]], class annotated with @DirtiesContext [false] with mode [null].
17:49:33.514 [Test worker] DEBUG org.springframework.test.context.support.TestPropertySourceUtils - Adding inlined properties to environment: {spring.jmx.enabled=false, org.springframework.boot.test.context.SpringBootTestContextBootstrapper=true}

  .   ____          _            __ _ _
 /\\ / ___'_ __ _ _(_)_ __  __ _ \ \ \ \
( ( )\___ | '_ | '_| | '_ \/ _` | \ \ \ \
 \\/  ___)| |_)| | | | | || (_| |  ) ) ) )
  '  |____| .__|_| |_|_| |_\__, | / / / /
 =========|_|==============|___/=/_/_/_/
 :: Spring Boot ::                (v2.4.4)

2023-06-02 17:49:33.702  INFO 16982 --- [    Test worker] hello.login.message.MessageSourceTest    : Starting MessageSourceTest using Java 15.0.10 on YoonbeomSo-MacBookPro13.local with PID 16982 (started by soyoonbeom in /Users/soyoonbeom/Spring_infearn/springmvc2/login)
2023-06-02 17:49:33.704  INFO 16982 --- [    Test worker] hello.login.message.MessageSourceTest    : No active profile set, falling back to default profiles: default
2023-06-02 17:49:34.355  INFO 16982 --- [    Test worker] h.login.domain.member.MemberRepository   : save: member=Member(id=1, loginId=test, name=테스터, password=test!)
2023-06-02 17:49:34.650  INFO 16982 --- [    Test worker] o.s.s.concurrent.ThreadPoolTaskExecutor  : Initializing ExecutorService 'applicationTaskExecutor'
2023-06-02 17:49:34.874  INFO 16982 --- [    Test worker] hello.login.message.MessageSourceTest    : Started MessageSourceTest in 1.357 seconds (JVM running for 2.407)
]]></system-out>
  <system-err><![CDATA[]]></system-err>
</testsuite>
