<?xml version="1.0" encoding="UTF-8"?>
<testsuite name="hello.login.validation.MessageCodesResolverTest" tests="2" skipped="0" failures="0" errors="0" timestamp="2023-06-02T08:49:35" hostname="YoonbeomSo-MacBookPro13.local" time="0.009">
  <properties/>
  <testcase name="messageCodesResolverObject()" classname="hello.login.validation.MessageCodesResolverTest" time="0.008"/>
  <testcase name="messageCodesResolverField()" classname="hello.login.validation.MessageCodesResolverTest" time="0.0"/>
  <system-out><![CDATA[]]></system-out>
  <system-err><![CDATA[]]></system-err>
</testsuite>
