<?xml version="1.0" encoding="UTF-8"?>
<testsuite name="hello.login.ItemServiceApplicationTests" tests="1" skipped="0" failures="0" errors="0" timestamp="2023-06-02T08:49:35" hostname="YoonbeomSo-MacBookPro13.local" time="0.006">
  <properties/>
  <testcase name="contextLoads()" classname="hello.login.ItemServiceApplicationTests" time="0.006"/>
  <system-out><![CDATA[2023-06-02 17:49:35.269  INFO 16982 --- [    Test worker] .b.t.c.SpringBootTestContextBootstrapper : Neither @ContextConfiguration nor @ContextHierarchy found for test class [hello.login.ItemServiceApplicationTests], using SpringBootContextLoader
2023-06-02 17:49:35.270  INFO 16982 --- [    Test worker] o.s.t.c.support.AbstractContextLoader    : Could not detect default resource locations for test class [hello.login.ItemServiceApplicationTests]: no resource found for suffixes {-context.xml, Context.groovy}.
2023-06-02 17:49:35.270  INFO 16982 --- [    Test worker] t.c.s.AnnotationConfigContextLoaderUtils : Could not detect default configuration classes for test class [hello.login.ItemServiceApplicationTests]: ItemServiceApplicationTests does not declare any static, non-private, non-final, nested classes annotated with @Configuration.
2023-06-02 17:49:35.275  INFO 16982 --- [    Test worker] .b.t.c.SpringBootTestContextBootstrapper : Found @SpringBootConfiguration hello.login.ItemServiceApplication for test class hello.login.ItemServiceApplicationTests
2023-06-02 17:49:35.276  INFO 16982 --- [    Test worker] .b.t.c.SpringBootTestContextBootstrapper : Loaded default TestExecutionListener class names from location [META-INF/spring.factories]: [org.springframework.boot.test.autoconfigure.restdocs.RestDocsTestExecutionListener, org.springframework.boot.test.autoconfigure.web.client.MockRestServiceServerResetTestExecutionListener, org.springframework.boot.test.autoconfigure.web.servlet.MockMvcPrintOnlyOnFailureTestExecutionListener, org.springframework.boot.test.autoconfigure.web.servlet.WebDriverTestExecutionListener, org.springframework.boot.test.autoconfigure.webservices.client.MockWebServiceServerTestExecutionListener, org.springframework.boot.test.mock.mockito.MockitoTestExecutionListener, org.springframework.boot.test.mock.mockito.ResetMocksTestExecutionListener, org.springframework.test.context.web.ServletTestExecutionListener, org.springframework.test.context.support.DirtiesContextBeforeModesTestExecutionListener, org.springframework.test.context.event.ApplicationEventsTestExecutionListener, org.springframework.test.context.support.DependencyInjectionTestExecutionListener, org.springframework.test.context.support.DirtiesContextTestExecutionListener, org.springframework.test.context.transaction.TransactionalTestExecutionListener, org.springframework.test.context.jdbc.SqlScriptsTestExecutionListener, org.springframework.test.context.event.EventPublishingTestExecutionListener]
2023-06-02 17:49:35.277  INFO 16982 --- [    Test worker] .b.t.c.SpringBootTestContextBootstrapper : Using TestExecutionListeners: [org.springframework.test.context.web.ServletTestExecutionListener@3248519b, org.springframework.test.context.support.DirtiesContextBeforeModesTestExecutionListener@314389cf, org.springframework.test.context.event.ApplicationEventsTestExecutionListener@734ccd26, org.springframework.boot.test.mock.mockito.MockitoTestExecutionListener@16f475db, org.springframework.boot.test.autoconfigure.SpringBootDependencyInjectionTestExecutionListener@66c03a17, org.springframework.test.context.support.DirtiesContextTestExecutionListener@4be0daf1, org.springframework.test.context.event.EventPublishingTestExecutionListener@5e501b56, org.springframework.boot.test.autoconfigure.restdocs.RestDocsTestExecutionListener@6bbfe7ea, org.springframework.boot.test.autoconfigure.web.client.MockRestServiceServerResetTestExecutionListener@c486808, org.springframework.boot.test.autoconfigure.web.servlet.MockMvcPrintOnlyOnFailureTestExecutionListener@41b20c22, org.springframework.boot.test.autoconfigure.web.servlet.WebDriverTestExecutionListener@1fe635e9, org.springframework.boot.test.autoconfigure.webservices.client.MockWebServiceServerTestExecutionListener@b720148, org.springframework.boot.test.mock.mockito.ResetMocksTestExecutionListener@44352006]
]]></system-out>
  <system-err><![CDATA[]]></system-err>
</testsuite>
