<?xml version="1.0" encoding="UTF-8"?>
<testsuite name="hello.login.web.session.SessionManagerTest" tests="1" skipped="0" failures="0" errors="0" timestamp="2023-06-02T08:49:33" hostname="YoonbeomSo-MacBookPro13.local" time="0.133">
  <properties/>
  <testcase name="sessionTest()" classname="hello.login.web.session.SessionManagerTest" time="0.133"/>
  <system-out><![CDATA[]]></system-out>
  <system-err><![CDATA[]]></system-err>
</testsuite>
